app/build/intermediates/manifest_merge_blame_file/debug/manifest-merger-blame-debug-report.txt
1<?xml version="1.0" encoding="utf-8"?>
2<manifest xmlns:android="http://schemas.android.com/apk/res/android"
3    package="com.archico.storyapp"
4    android:versionCode="1"
5    android:versionName="1.0" >
6
7    <uses-sdk
8        android:minSdkVersion="27"
9        android:targetSdkVersion="34" />
10
11    <uses-feature android:name="android.hardware.camera" />
11-->src\main\AndroidManifest.xml:5:5-60
11-->src\main\AndroidManifest.xml:5:19-57
12
13    <uses-permission android:name="android.permission.CAMERA" />
13-->src\main\AndroidManifest.xml:6:5-65
13-->src\main\AndroidManifest.xml:6:22-62
14    <uses-permission android:name="android.permission.INTERNET" />
14-->src\main\AndroidManifest.xml:7:5-67
14-->src\main\AndroidManifest.xml:7:22-64
15    <uses-permission
15-->src\main\AndroidManifest.xml:8:5-10:38
16        android:name="android.permission.WRITE_EXTERNAL_STORAGE"
16-->src\main\AndroidManifest.xml:9:9-65
17        android:maxSdkVersion="28" />
17-->src\main\AndroidManifest.xml:10:9-35
18    <uses-permission android:name="android.permission.ACCESS_FINE_LOCATION" />
18-->src\main\AndroidManifest.xml:12:5-79
18-->src\main\AndroidManifest.xml:12:22-76
19    <uses-permission android:name="android.permission.ACCESS_COARSE_LOCATION" />
19-->src\main\AndroidManifest.xml:13:5-80
19-->src\main\AndroidManifest.xml:13:22-78
20
21    <!-- Include required permissions for Google Maps API to run. -->
22    <uses-permission android:name="android.permission.ACCESS_NETWORK_STATE" />
22-->[com.google.android.gms:play-services-maps:18.2.0] AndroidManifest.xml:23:5-79
22-->[com.google.android.gms:play-services-maps:18.2.0] AndroidManifest.xml:23:22-76
23
24    <uses-feature
24-->[com.google.android.gms:play-services-maps:18.2.0] AndroidManifest.xml:26:5-28:35
25        android:glEsVersion="0x00020000"
25-->[com.google.android.gms:play-services-maps:18.2.0] AndroidManifest.xml:27:9-41
26        android:required="true" />
26-->[com.google.android.gms:play-services-maps:18.2.0] AndroidManifest.xml:28:9-32
27
28    <queries>
28-->[com.google.android.gms:play-services-maps:18.2.0] AndroidManifest.xml:30:5-34:15
29
30        <!-- Needs to be explicitly declared on Android R+ -->
31        <package android:name="com.google.android.apps.maps" />
31-->[com.google.android.gms:play-services-maps:18.2.0] AndroidManifest.xml:33:9-64
31-->[com.google.android.gms:play-services-maps:18.2.0] AndroidManifest.xml:33:18-61
32        <package android:name="androidx.test.orchestrator" />
32-->[androidx.test:runner:1.5.2] AndroidManifest.xml:25:9-62
32-->[androidx.test:runner:1.5.2] AndroidManifest.xml:25:18-59
33        <package android:name="androidx.test.services" />
33-->[androidx.test:runner:1.5.2] AndroidManifest.xml:26:9-58
33-->[androidx.test:runner:1.5.2] AndroidManifest.xml:26:18-55
34        <package android:name="com.google.android.apps.common.testing.services" />
34-->[androidx.test:runner:1.5.2] AndroidManifest.xml:27:9-83
34-->[androidx.test:runner:1.5.2] AndroidManifest.xml:27:18-80
35    </queries>
36
37    <permission
37-->[androidx.core:core:1.12.0] AndroidManifest.xml:22:5-24:47
38        android:name="com.archico.storyapp.DYNAMIC_RECEIVER_NOT_EXPORTED_PERMISSION"
38-->[androidx.core:core:1.12.0] AndroidManifest.xml:23:9-81
39        android:protectionLevel="signature" />
39-->[androidx.core:core:1.12.0] AndroidManifest.xml:24:9-44
40
41    <uses-permission android:name="com.archico.storyapp.DYNAMIC_RECEIVER_NOT_EXPORTED_PERMISSION" />
41-->[androidx.core:core:1.12.0] AndroidManifest.xml:26:5-97
41-->[androidx.core:core:1.12.0] AndroidManifest.xml:26:22-94
42    <uses-permission android:name="android.permission.REORDER_TASKS" />
42-->[androidx.test:core:1.5.0] AndroidManifest.xml:24:5-72
42-->[androidx.test:core:1.5.0] AndroidManifest.xml:24:22-69
43
44    <application
44-->src\main\AndroidManifest.xml:15:5-95:19
45        android:allowBackup="true"
45-->src\main\AndroidManifest.xml:16:9-35
46        android:appComponentFactory="androidx.core.app.CoreComponentFactory"
46-->[androidx.core:core:1.12.0] AndroidManifest.xml:28:18-86
47        android:dataExtractionRules="@xml/data_extraction_rules"
47-->src\main\AndroidManifest.xml:17:9-65
48        android:debuggable="true"
49        android:extractNativeLibs="false"
50        android:fullBackupContent="@xml/backup_rules"
50-->src\main\AndroidManifest.xml:18:9-54
51        android:icon="@drawable/img_app_icon"
51-->src\main\AndroidManifest.xml:19:9-46
52        android:label="@string/app_name"
52-->src\main\AndroidManifest.xml:20:9-41
53        android:roundIcon="@drawable/img_app_icon"
53-->src\main\AndroidManifest.xml:21:9-51
54        android:supportsRtl="true"
54-->src\main\AndroidManifest.xml:22:9-35
55        android:theme="@style/Theme.StoryApp" >
55-->src\main\AndroidManifest.xml:23:9-46
56        <meta-data
56-->src\main\AndroidManifest.xml:26:9-28:71
57            android:name="com.google.android.geo.API_KEY"
57-->src\main\AndroidManifest.xml:27:13-58
58            android:value="AIzaSyBcyaMaYiW4lqCi4xS97Tb0zeW10OyDey0" />
58-->src\main\AndroidManifest.xml:28:13-68
59
60        <activity
60-->src\main\AndroidManifest.xml:30:9-33:59
61            android:name="com.archico.storyapp.page.maps.MapsActivity"
61-->src\main\AndroidManifest.xml:31:13-51
62            android:exported="false"
62-->src\main\AndroidManifest.xml:32:13-37
63            android:label="@string/title_activity_maps" />
63-->src\main\AndroidManifest.xml:33:13-56
64
65        <receiver
65-->src\main\AndroidManifest.xml:35:9-45:20
66            android:name="com.archico.storyapp.widget.ImageBannerWidget"
66-->src\main\AndroidManifest.xml:36:13-53
67            android:exported="false" >
67-->src\main\AndroidManifest.xml:37:13-37
68            <intent-filter>
68-->src\main\AndroidManifest.xml:38:13-40:29
69                <action android:name="android.appwidget.action.APPWIDGET_UPDATE" />
69-->src\main\AndroidManifest.xml:39:17-84
69-->src\main\AndroidManifest.xml:39:25-81
70            </intent-filter>
71
72            <meta-data
72-->src\main\AndroidManifest.xml:42:13-44:68
73                android:name="android.appwidget.provider"
73-->src\main\AndroidManifest.xml:43:17-58
74                android:resource="@xml/image_banner_widget_info" />
74-->src\main\AndroidManifest.xml:44:17-65
75        </receiver>
76
77        <activity
77-->src\main\AndroidManifest.xml:47:9-49:40
78            android:name="com.archico.storyapp.page.add.AddStoryActivity"
78-->src\main\AndroidManifest.xml:48:13-54
79            android:exported="false" />
79-->src\main\AndroidManifest.xml:49:13-37
80        <activity
80-->src\main\AndroidManifest.xml:50:9-52:40
81            android:name="com.archico.storyapp.page.camera.CameraActivity"
81-->src\main\AndroidManifest.xml:51:13-55
82            android:exported="false" />
82-->src\main\AndroidManifest.xml:52:13-37
83        <activity
83-->src\main\AndroidManifest.xml:53:9-55:40
84            android:name="com.archico.storyapp.page.settings.SettingsActivity"
84-->src\main\AndroidManifest.xml:54:13-59
85            android:exported="false" />
85-->src\main\AndroidManifest.xml:55:13-37
86        <activity
86-->src\main\AndroidManifest.xml:56:9-58:40
87            android:name="com.archico.storyapp.page.detail.DetailStoryActivity"
87-->src\main\AndroidManifest.xml:57:13-60
88            android:exported="false" />
88-->src\main\AndroidManifest.xml:58:13-37
89        <activity
89-->src\main\AndroidManifest.xml:59:9-61:40
90            android:name="com.archico.storyapp.page.register.RegisterActivity"
90-->src\main\AndroidManifest.xml:60:13-59
91            android:exported="false" />
91-->src\main\AndroidManifest.xml:61:13-37
92        <activity
92-->src\main\AndroidManifest.xml:62:9-64:40
93            android:name="com.archico.storyapp.page.login.LoginActivity"
93-->src\main\AndroidManifest.xml:63:13-53
94            android:exported="false" />
94-->src\main\AndroidManifest.xml:64:13-37
95        <activity
95-->src\main\AndroidManifest.xml:65:9-67:40
96            android:name="com.archico.storyapp.page.home.MainActivity"
96-->src\main\AndroidManifest.xml:66:13-51
97            android:exported="false" />
97-->src\main\AndroidManifest.xml:67:13-37
98        <activity
98-->src\main\AndroidManifest.xml:68:9-76:20
99            android:name="com.archico.storyapp.page.SplashScreenActivity"
99-->src\main\AndroidManifest.xml:69:13-54
100            android:exported="true" >
100-->src\main\AndroidManifest.xml:70:13-36
101            <intent-filter>
101-->src\main\AndroidManifest.xml:71:13-75:29
102                <action android:name="android.intent.action.MAIN" />
102-->src\main\AndroidManifest.xml:72:17-69
102-->src\main\AndroidManifest.xml:72:25-66
103
104                <category android:name="android.intent.category.LAUNCHER" />
104-->src\main\AndroidManifest.xml:74:17-77
104-->src\main\AndroidManifest.xml:74:27-74
105            </intent-filter>
106        </activity>
107
108        <service
108-->src\main\AndroidManifest.xml:78:9-90:19
109            android:name="com.google.android.gms.metadata.ModuleDependencies"
109-->src\main\AndroidManifest.xml:79:13-78
110            android:enabled="false"
110-->src\main\AndroidManifest.xml:80:13-36
111            android:exported="false" >
111-->src\main\AndroidManifest.xml:81:13-37
112            <intent-filter>
112-->src\main\AndroidManifest.xml:83:13-85:29
113                <action android:name="com.google.android.gms.metadata.MODULE_DEPENDENCIES" />
113-->src\main\AndroidManifest.xml:84:17-94
113-->src\main\AndroidManifest.xml:84:25-91
114            </intent-filter>
115
116            <meta-data
116-->src\main\AndroidManifest.xml:87:13-89:36
117                android:name="photopicker_activity:0:required"
117-->src\main\AndroidManifest.xml:88:17-63
118                android:value="" />
118-->src\main\AndroidManifest.xml:89:17-33
119        </service>
120        <service
120-->src\main\AndroidManifest.xml:92:9-94:72
121            android:name="com.archico.storyapp.widget.StackWidgetService"
121-->src\main\AndroidManifest.xml:93:13-54
122            android:permission="android.permission.BIND_REMOTEVIEWS" />
122-->src\main\AndroidManifest.xml:94:13-69
123        <!-- Needs to be explicitly declared on P+ -->
124        <uses-library
124-->[com.google.android.gms:play-services-maps:18.2.0] AndroidManifest.xml:39:9-41:40
125            android:name="org.apache.http.legacy"
125-->[com.google.android.gms:play-services-maps:18.2.0] AndroidManifest.xml:40:13-50
126            android:required="false" />
126-->[com.google.android.gms:play-services-maps:18.2.0] AndroidManifest.xml:41:13-37
127
128        <activity
128-->[com.google.android.gms:play-services-base:18.3.0] AndroidManifest.xml:20:9-22:45
129            android:name="com.google.android.gms.common.api.GoogleApiActivity"
129-->[com.google.android.gms:play-services-base:18.3.0] AndroidManifest.xml:20:19-85
130            android:exported="false"
130-->[com.google.android.gms:play-services-base:18.3.0] AndroidManifest.xml:22:19-43
131            android:theme="@android:style/Theme.Translucent.NoTitleBar" />
131-->[com.google.android.gms:play-services-base:18.3.0] AndroidManifest.xml:21:19-78
132
133        <meta-data
133-->[com.google.android.gms:play-services-basement:18.3.0] AndroidManifest.xml:21:9-23:69
134            android:name="com.google.android.gms.version"
134-->[com.google.android.gms:play-services-basement:18.3.0] AndroidManifest.xml:22:13-58
135            android:value="@integer/google_play_services_version" />
135-->[com.google.android.gms:play-services-basement:18.3.0] AndroidManifest.xml:23:13-66
136
137        <service
137-->[androidx.camera:camera-camera2:1.2.3] AndroidManifest.xml:24:9-33:19
138            android:name="androidx.camera.core.impl.MetadataHolderService"
138-->[androidx.camera:camera-camera2:1.2.3] AndroidManifest.xml:25:13-75
139            android:enabled="false"
139-->[androidx.camera:camera-camera2:1.2.3] AndroidManifest.xml:26:13-36
140            android:exported="false" >
140-->[androidx.camera:camera-camera2:1.2.3] AndroidManifest.xml:27:13-37
141            <meta-data
141-->[androidx.camera:camera-camera2:1.2.3] AndroidManifest.xml:30:13-32:89
142                android:name="androidx.camera.core.impl.MetadataHolderService.DEFAULT_CONFIG_PROVIDER"
142-->[androidx.camera:camera-camera2:1.2.3] AndroidManifest.xml:31:17-103
143                android:value="androidx.camera.camera2.Camera2Config$DefaultProvider" />
143-->[androidx.camera:camera-camera2:1.2.3] AndroidManifest.xml:32:17-86
144        </service>
145
146        <provider
146-->[androidx.emoji2:emoji2:1.2.0] AndroidManifest.xml:24:9-32:20
147            android:name="androidx.startup.InitializationProvider"
147-->[androidx.emoji2:emoji2:1.2.0] AndroidManifest.xml:25:13-67
148            android:authorities="com.archico.storyapp.androidx-startup"
148-->[androidx.emoji2:emoji2:1.2.0] AndroidManifest.xml:26:13-68
149            android:exported="false" >
149-->[androidx.emoji2:emoji2:1.2.0] AndroidManifest.xml:27:13-37
150            <meta-data
150-->[androidx.emoji2:emoji2:1.2.0] AndroidManifest.xml:29:13-31:52
151                android:name="androidx.emoji2.text.EmojiCompatInitializer"
151-->[androidx.emoji2:emoji2:1.2.0] AndroidManifest.xml:30:17-75
152                android:value="androidx.startup" />
152-->[androidx.emoji2:emoji2:1.2.0] AndroidManifest.xml:31:17-49
153            <meta-data
153-->[androidx.lifecycle:lifecycle-process:2.7.0] AndroidManifest.xml:29:13-31:52
154                android:name="androidx.lifecycle.ProcessLifecycleInitializer"
154-->[androidx.lifecycle:lifecycle-process:2.7.0] AndroidManifest.xml:30:17-78
155                android:value="androidx.startup" />
155-->[androidx.lifecycle:lifecycle-process:2.7.0] AndroidManifest.xml:31:17-49
156            <meta-data
156-->[androidx.profileinstaller:profileinstaller:1.3.0] AndroidManifest.xml:29:13-31:52
157                android:name="androidx.profileinstaller.ProfileInstallerInitializer"
157-->[androidx.profileinstaller:profileinstaller:1.3.0] AndroidManifest.xml:30:17-85
158                android:value="androidx.startup" />
158-->[androidx.profileinstaller:profileinstaller:1.3.0] AndroidManifest.xml:31:17-49
159        </provider>
160
161        <activity
161-->[androidx.test:core:1.5.0] AndroidManifest.xml:27:9-34:20
162            android:name="androidx.test.core.app.InstrumentationActivityInvoker$BootstrapActivity"
162-->[androidx.test:core:1.5.0] AndroidManifest.xml:28:13-99
163            android:exported="true"
163-->[androidx.test:core:1.5.0] AndroidManifest.xml:29:13-36
164            android:theme="@style/WhiteBackgroundTheme" >
164-->[androidx.test:core:1.5.0] AndroidManifest.xml:30:13-56
165            <intent-filter android:priority="-100" >
165-->[androidx.test:core:1.5.0] AndroidManifest.xml:31:13-33:29
165-->[androidx.test:core:1.5.0] AndroidManifest.xml:31:28-51
166                <category android:name="android.intent.category.LAUNCHER" />
166-->src\main\AndroidManifest.xml:74:17-77
166-->src\main\AndroidManifest.xml:74:27-74
167            </intent-filter>
168        </activity>
169        <activity
169-->[androidx.test:core:1.5.0] AndroidManifest.xml:35:9-42:20
170            android:name="androidx.test.core.app.InstrumentationActivityInvoker$EmptyActivity"
170-->[androidx.test:core:1.5.0] AndroidManifest.xml:36:13-95
171            android:exported="true"
171-->[androidx.test:core:1.5.0] AndroidManifest.xml:37:13-36
172            android:theme="@style/WhiteBackgroundTheme" >
172-->[androidx.test:core:1.5.0] AndroidManifest.xml:38:13-56
173            <intent-filter android:priority="-100" >
173-->[androidx.test:core:1.5.0] AndroidManifest.xml:31:13-33:29
173-->[androidx.test:core:1.5.0] AndroidManifest.xml:31:28-51
174                <category android:name="android.intent.category.LAUNCHER" />
174-->src\main\AndroidManifest.xml:74:17-77
174-->src\main\AndroidManifest.xml:74:27-74
175            </intent-filter>
176        </activity>
177        <activity
177-->[androidx.test:core:1.5.0] AndroidManifest.xml:43:9-50:20
178            android:name="androidx.test.core.app.InstrumentationActivityInvoker$EmptyFloatingActivity"
178-->[androidx.test:core:1.5.0] AndroidManifest.xml:44:13-103
179            android:exported="true"
179-->[androidx.test:core:1.5.0] AndroidManifest.xml:45:13-36
180            android:theme="@style/WhiteBackgroundDialogTheme" >
180-->[androidx.test:core:1.5.0] AndroidManifest.xml:46:13-62
181            <intent-filter android:priority="-100" >
181-->[androidx.test:core:1.5.0] AndroidManifest.xml:31:13-33:29
181-->[androidx.test:core:1.5.0] AndroidManifest.xml:31:28-51
182                <category android:name="android.intent.category.LAUNCHER" />
182-->src\main\AndroidManifest.xml:74:17-77
182-->src\main\AndroidManifest.xml:74:27-74
183            </intent-filter>
184        </activity>
185
186        <service
186-->[androidx.room:room-runtime:2.4.0-rc01] AndroidManifest.xml:25:9-28:40
187            android:name="androidx.room.MultiInstanceInvalidationService"
187-->[androidx.room:room-runtime:2.4.0-rc01] AndroidManifest.xml:26:13-74
188            android:directBootAware="true"
188-->[androidx.room:room-runtime:2.4.0-rc01] AndroidManifest.xml:27:13-43
189            android:exported="false" />
189-->[androidx.room:room-runtime:2.4.0-rc01] AndroidManifest.xml:28:13-37
190
191        <receiver
191-->[androidx.profileinstaller:profileinstaller:1.3.0] AndroidManifest.xml:34:9-52:20
192            android:name="androidx.profileinstaller.ProfileInstallReceiver"
192-->[androidx.profileinstaller:profileinstaller:1.3.0] AndroidManifest.xml:35:13-76
193            android:directBootAware="false"
193-->[androidx.profileinstaller:profileinstaller:1.3.0] AndroidManifest.xml:36:13-44
194            android:enabled="true"
194-->[androidx.profileinstaller:profileinstaller:1.3.0] AndroidManifest.xml:37:13-35
195            android:exported="true"
195-->[androidx.profileinstaller:profileinstaller:1.3.0] AndroidManifest.xml:38:13-36
196            android:permission="android.permission.DUMP" >
196-->[androidx.profileinstaller:profileinstaller:1.3.0] AndroidManifest.xml:39:13-57
197            <intent-filter>
197-->[androidx.profileinstaller:profileinstaller:1.3.0] AndroidManifest.xml:40:13-42:29
198                <action android:name="androidx.profileinstaller.action.INSTALL_PROFILE" />
198-->[androidx.profileinstaller:profileinstaller:1.3.0] AndroidManifest.xml:41:17-91
198-->[androidx.profileinstaller:profileinstaller:1.3.0] AndroidManifest.xml:41:25-88
199            </intent-filter>
200            <intent-filter>
200-->[androidx.profileinstaller:profileinstaller:1.3.0] AndroidManifest.xml:43:13-45:29
201                <action android:name="androidx.profileinstaller.action.SKIP_FILE" />
201-->[androidx.profileinstaller:profileinstaller:1.3.0] AndroidManifest.xml:44:17-85
201-->[androidx.profileinstaller:profileinstaller:1.3.0] AndroidManifest.xml:44:25-82
202            </intent-filter>
203            <intent-filter>
203-->[androidx.profileinstaller:profileinstaller:1.3.0] AndroidManifest.xml:46:13-48:29
204                <action android:name="androidx.profileinstaller.action.SAVE_PROFILE" />
204-->[androidx.profileinstaller:profileinstaller:1.3.0] AndroidManifest.xml:47:17-88
204-->[androidx.profileinstaller:profileinstaller:1.3.0] AndroidManifest.xml:47:25-85
205            </intent-filter>
206            <intent-filter>
206-->[androidx.profileinstaller:profileinstaller:1.3.0] AndroidManifest.xml:49:13-51:29
207                <action android:name="androidx.profileinstaller.action.BENCHMARK_OPERATION" />
207-->[androidx.profileinstaller:profileinstaller:1.3.0] AndroidManifest.xml:50:17-95
207-->[androidx.profileinstaller:profileinstaller:1.3.0] AndroidManifest.xml:50:25-92
208            </intent-filter>
209        </receiver>
210    </application>
211
212</manifest>